============================================================
  Generated by:           Genus(TM) Synthesis Solution 21.16-s062_1
  Generated on:           Dec 19 2023  09:08:35 pm
  Module:                 fpu_double
  Operating conditions:   slow 
  Interconnect mode:      global
  Area mode:              physical library
============================================================

Timing
--------

Clock Period 
-------------
clk   3220.0 


  Cost    Critical         Violating 
 Group   Path Slack  TNS     Paths   
-------------------------------------
clk             0.0   0.0          0 
default    No paths   0.0            
-------------------------------------
Total                 0.0          0 

Instance Count
--------------
Leaf Instance Count             31480 
Physical Instance count             0 
Sequential Instance Count        5062 
Combinational Instance Count    26418 
Hierarchical Instance Count         1 

Area
----
Cell Area                          97473.659
Physical Cell Area                 0.000
Total Cell Area (Cell+Physical)    97473.659
Net Area                           40808.715
Total Area (Cell+Physical+Net)     138282.374

Runtime                            89.646188 seconds
Elapsed Runtime                    322 seconds
Genus peak memory usage            1653.84 
Innovus peak memory usage          no_value 
Hostname                           cadpc08.ee.columbia.edu
