

Working Directory = /homes/user/stud/fall22/zm2404/E6693/project/DA1_7
QoS Summary for fpu_double
==========================================================================================
Metric                          generic         map             syn_opt         final          
==========================================================================================
Slack (ps):                       667              94               0               0
  R2R (ps):                       667              94               0               0
  I2R (ps):                  no_value        no_value        no_value        no_value
  R2O (ps):                     2,798           2,727           2,727           2,727
  I2O (ps):                  no_value        no_value        no_value        no_value
  CG  (ps):                  no_value        no_value        no_value        no_value
TNS (ps):                           0               0               0               0
  R2R (ps):                         0               0               0               0
  I2R (ps):                  no_value        no_value        no_value        no_value
  R2O (ps):                         0               0               0               0
  I2O (ps):                  no_value        no_value        no_value        no_value
  CG  (ps):                  no_value        no_value        no_value        no_value
Failing Paths:                      0               0               0               0
Cell Area:                    189,255          85,634          81,300          81,300
Total Cell Area:              189,255          85,634          81,300          81,300
Leaf Instances:                58,253          30,121          29,062          29,062
Total Instances:               58,253          30,121          29,062          29,062
Utilization (%):                 0.00            0.00            0.00            0.00
Tot. Net Length (um):        no_value        no_value        no_value        no_value
Avg. Net Length (um):        no_value        no_value        no_value        no_value
Route Overflow H (%):        no_value        no_value        no_value        no_value
Route Overflow V (%):        no_value        no_value        no_value        no_value
MBCI(%) (bits/gate) :            0.00            0.00            0.00            0.00
Norm Cong Hotspot Area:
  Max Cong:                  no_value        no_value        no_value        no_value
  Tot Cong:                  no_value        no_value        no_value        no_value
==========================================================================================
CPU  Runtime (h:m:s):        00:05:24        00:12:03        00:02:07        00:00:03
Real Runtime (h:m:s):        00:04:49        00:08:39        00:02:05        00:00:06
CPU  Elapsed (h:m:s):        00:05:31        00:17:33        00:19:39        00:19:43
Real Elapsed (h:m:s):        00:04:55        00:13:34        00:15:39        00:15:45
Memory (MB):                  1616.04         1610.96         1603.78         1655.62
==========================================================================================
==========================================================================================
Flow Settings:
==========================================================================================
Total Runtime (h:m:s): 00:15:43
Total Memory (MB):     1655.62
Executable Version:    21.16-s062_1
==========================================================================================
Total Cell Area =  Cell Area + Physical Cell Area
Total Instances =  Leaf Instances + Physical Instances


