============================================================
  Generated by:           Genus(TM) Synthesis Solution 21.16-s062_1
  Generated on:           Dec 19 2023  08:58:52 pm
  Module:                 fpu_double
  Operating conditions:   slow 
  Interconnect mode:      global
  Area mode:              physical library
============================================================

Timing
--------

Clock Period 
-------------
clk   4540.0 


  Cost    Critical         Violating 
 Group   Path Slack  TNS     Paths   
-------------------------------------
clk             0.0   0.0          0 
default    No paths   0.0            
-------------------------------------
Total                 0.0          0 

Instance Count
--------------
Leaf Instance Count             29062 
Physical Instance count             0 
Sequential Instance Count        5062 
Combinational Instance Count    24000 
Hierarchical Instance Count         1 

Area
----
Cell Area                          81300.496
Physical Cell Area                 0.000
Total Cell Area (Cell+Physical)    81300.496
Net Area                           37967.508
Total Area (Cell+Physical+Net)     119268.004

Runtime                            292.84848900000003 seconds
Elapsed Runtime                    953 seconds
Genus peak memory usage            1655.62 
Innovus peak memory usage          no_value 
Hostname                           cadpc02.ee.columbia.edu
