

Working Directory = /homes/user/stud/fall22/zm2404/E6693/project/DA1_17
QoS Summary for fpu_double
==========================================================================================
Metric                          generic         map             syn_opt         final          
==========================================================================================
Slack (ps):                      -435            -477             -30             -30
  R2R (ps):                      -435            -477             -30             -30
  I2R (ps):                  no_value        no_value        no_value        no_value
  R2O (ps):                     1,531           1,528           1,528           1,528
  I2O (ps):                  no_value        no_value        no_value        no_value
  CG  (ps):                  no_value        no_value        no_value        no_value
TNS (ps):                     -38,259         -71,822          -2,142          -2,142
  R2R (ps):                   -38,259         -71,822          -2,142          -2,142
  I2R (ps):                  no_value        no_value        no_value        no_value
  R2O (ps):                         0               0               0               0
  I2O (ps):                  no_value        no_value        no_value        no_value
  CG  (ps):                  no_value        no_value        no_value        no_value
Failing Paths:                    162             208             115             115
Cell Area:                    197,333         110,050         150,613         150,613
Total Cell Area:              197,333         110,050         150,613         150,613
Leaf Instances:                61,279          35,289          46,288          46,288
Total Instances:               61,279          35,289          46,288          46,288
Utilization (%):                 0.00            0.00            0.00            0.00
Tot. Net Length (um):        no_value        no_value        no_value        no_value
Avg. Net Length (um):        no_value        no_value        no_value        no_value
Route Overflow H (%):        no_value        no_value        no_value        no_value
Route Overflow V (%):        no_value        no_value        no_value        no_value
MBCI(%) (bits/gate) :            0.00            0.00            0.00            0.00
Norm Cong Hotspot Area:
  Max Cong:                  no_value        no_value        no_value        no_value
  Tot Cong:                  no_value        no_value        no_value        no_value
==========================================================================================
CPU  Runtime (h:m:s):        00:03:48        00:09:55        00:15:56        00:00:03
Real Runtime (h:m:s):        00:02:50        00:03:53        00:15:37        00:00:04
CPU  Elapsed (h:m:s):        00:03:54        00:13:47        00:29:43        00:29:46
Real Elapsed (h:m:s):        00:02:56        00:06:47        00:22:24        00:22:27
Memory (MB):                  1604.55         1605.48         1599.57         1646.42
==========================================================================================
==========================================================================================
Flow Settings:
==========================================================================================
Total Runtime (h:m:s): 00:22:26
Total Memory (MB):     1646.42
Executable Version:    21.16-s062_1
==========================================================================================
Total Cell Area =  Cell Area + Physical Cell Area
Total Instances =  Leaf Instances + Physical Instances


