============================================================
  Generated by:           Genus(TM) Synthesis Solution 21.16-s062_1
  Generated on:           Dec 19 2023  09:05:38 pm
  Module:                 fpu_double
  Operating conditions:   slow 
  Interconnect mode:      global
  Area mode:              physical library
============================================================

Timing
--------

Clock Period 
-------------
clk   2730.0 


  Cost    Critical             Violating 
 Group   Path Slack    TNS       Paths   
-----------------------------------------
clk           -29.6   -2141.7        115 
default    No paths       0.0            
-----------------------------------------
Total                 -2141.7        115 

Instance Count
--------------
Leaf Instance Count             46288 
Physical Instance count             0 
Sequential Instance Count        5062 
Combinational Instance Count    41226 
Hierarchical Instance Count         1 

Area
----
Cell Area                          150612.747
Physical Cell Area                 0.000
Total Cell Area (Cell+Physical)    150612.747
Net Area                           55101.533
Total Area (Cell+Physical+Net)     205714.280

Runtime                            198.65917699999997 seconds
Elapsed Runtime                    1355 seconds
Genus peak memory usage            1646.42 
Innovus peak memory usage          no_value 
Hostname                           cadpc11.ee.columbia.edu
