============================================================
  Generated by:           Genus(TM) Synthesis Solution 21.16-s062_1
  Generated on:           Dec 19 2023  09:19:49 pm
  Module:                 fpu_double
  Operating conditions:   slow 
  Interconnect mode:      global
  Area mode:              physical library
============================================================

Timing
--------

Clock Period 
-------------
clk   2700.0 


  Cost    Critical             Violating 
 Group   Path Slack    TNS       Paths   
-----------------------------------------
clk           -61.1   -5373.8        148 
default    No paths       0.0            
-----------------------------------------
Total                 -5373.8        148 

Instance Count
--------------
Leaf Instance Count             46322 
Physical Instance count             0 
Sequential Instance Count        5062 
Combinational Instance Count    41260 
Hierarchical Instance Count         1 

Area
----
Cell Area                          151196.387
Physical Cell Area                 0.000
Total Cell Area (Cell+Physical)    151196.387
Net Area                           55127.343
Total Area (Cell+Physical+Net)     206323.730

Runtime                            256.892002 seconds
Elapsed Runtime                    1735 seconds
Genus peak memory usage            1645.34 
Innovus peak memory usage          no_value 
Hostname                           cadpc15.ee.columbia.edu
