============================================================
  Generated by:           Genus(TM) Synthesis Solution 21.16-s062_1
  Generated on:           Dec 19 2023  08:51:49 pm
  Module:                 fpu_double
  Operating conditions:   slow 
  Interconnect mode:      global
  Area mode:              physical library
============================================================

Timing
--------

Clock Period 
-------------
clk   4730.0 


  Cost    Critical         Violating 
 Group   Path Slack  TNS     Paths   
-------------------------------------
clk             0.0   0.0          0 
default    No paths   0.0            
-------------------------------------
Total                 0.0          0 

Instance Count
--------------
Leaf Instance Count             29159 
Physical Instance count             0 
Sequential Instance Count        5062 
Combinational Instance Count    24097 
Hierarchical Instance Count         1 

Area
----
Cell Area                          81004.017
Physical Cell Area                 0.000
Total Cell Area (Cell+Physical)    81004.017
Net Area                           37988.717
Total Area (Cell+Physical+Net)     118992.734

Runtime                            191.670653 seconds
Elapsed Runtime                    527 seconds
Genus peak memory usage            1658.89 
Innovus peak memory usage          no_value 
Hostname                           cadpc09.ee.columbia.edu
