============================================================
  Generated by:           Genus(TM) Synthesis Solution 21.16-s062_1
  Generated on:           Dec 19 2023  08:59:27 pm
  Module:                 fpu_double
  Operating conditions:   slow 
  Interconnect mode:      global
  Area mode:              physical library
============================================================

Timing
--------

Clock Period 
-------------
clk   3520.0 


  Cost    Critical         Violating 
 Group   Path Slack  TNS     Paths   
-------------------------------------
clk             0.0   0.0          0 
default    No paths   0.0            
-------------------------------------
Total                 0.0          0 

Instance Count
--------------
Leaf Instance Count             30411 
Physical Instance count             0 
Sequential Instance Count        5062 
Combinational Instance Count    25349 
Hierarchical Instance Count         1 

Area
----
Cell Area                          90455.067
Physical Cell Area                 0.000
Total Cell Area (Cell+Physical)    90455.067
Net Area                           39698.277
Total Area (Cell+Physical+Net)     130153.344

Runtime                            294.72360799999996 seconds
Elapsed Runtime                    988 seconds
Genus peak memory usage            1650.89 
Innovus peak memory usage          no_value 
Hostname                           cadpc02.ee.columbia.edu
