

Working Directory = /homes/user/stud/fall22/zm2404/E6693/project/DA1_10
QoS Summary for fpu_double
==========================================================================================
Metric                          generic         map             syn_opt         final          
==========================================================================================
Slack (ps):                       281               2               0               0
  R2R (ps):                       281               2               0               0
  I2R (ps):                  no_value        no_value        no_value        no_value
  R2O (ps):                     2,084           2,051           2,051           2,051
  I2O (ps):                  no_value        no_value        no_value        no_value
  CG  (ps):                  no_value        no_value        no_value        no_value
TNS (ps):                           0               0               0               0
  R2R (ps):                         0               0               0               0
  I2R (ps):                  no_value        no_value        no_value        no_value
  R2O (ps):                         0               0               0               0
  I2O (ps):                  no_value        no_value        no_value        no_value
  CG  (ps):                  no_value        no_value        no_value        no_value
Failing Paths:                      0               0               0               0
Cell Area:                    190,417          95,481          90,455          90,455
Total Cell Area:              190,417          95,481          90,455          90,455
Leaf Instances:                58,689          31,530          30,411          30,411
Total Instances:               58,689          31,530          30,411          30,411
Utilization (%):                 0.00            0.00            0.00            0.00
Tot. Net Length (um):        no_value        no_value        no_value        no_value
Avg. Net Length (um):        no_value        no_value        no_value        no_value
Route Overflow H (%):        no_value        no_value        no_value        no_value
Route Overflow V (%):        no_value        no_value        no_value        no_value
MBCI(%) (bits/gate) :            0.00            0.00            0.00            0.00
Norm Cong Hotspot Area:
  Max Cong:                  no_value        no_value        no_value        no_value
  Tot Cong:                  no_value        no_value        no_value        no_value
==========================================================================================
CPU  Runtime (h:m:s):        00:05:37        00:11:27        00:02:40        00:00:03
Real Runtime (h:m:s):        00:04:58        00:08:39        00:02:34        00:00:04
CPU  Elapsed (h:m:s):        00:05:44        00:17:10        00:19:49        00:19:52
Real Elapsed (h:m:s):        00:05:04        00:13:42        00:16:15        00:16:20
Memory (MB):                  1623.31         1619.23         1610.05         1650.89
==========================================================================================
==========================================================================================
Flow Settings:
==========================================================================================
Total Runtime (h:m:s): 00:16:18
Total Memory (MB):     1650.89
Executable Version:    21.16-s062_1
==========================================================================================
Total Cell Area =  Cell Area + Physical Cell Area
Total Instances =  Leaf Instances + Physical Instances


