

Working Directory = /homes/user/stud/fall22/zm2404/E6693/project/DA1_8
QoS Summary for fpu_double
==========================================================================================
Metric                          generic         map             syn_opt         final          
==========================================================================================
Slack (ps):                       789             100               0               0
  R2R (ps):                       789             100               0               0
  I2R (ps):                  no_value        no_value        no_value        no_value
  R2O (ps):                     3,050           2,965           2,965           2,965
  I2O (ps):                  no_value        no_value        no_value        no_value
  CG  (ps):                  no_value        no_value        no_value        no_value
TNS (ps):                           0               0               0               0
  R2R (ps):                         0               0               0               0
  I2R (ps):                  no_value        no_value        no_value        no_value
  R2O (ps):                         0               0               0               0
  I2O (ps):                  no_value        no_value        no_value        no_value
  CG  (ps):                  no_value        no_value        no_value        no_value
Failing Paths:                      0               0               0               0
Cell Area:                    189,295          84,117          80,371          80,371
Total Cell Area:              189,295          84,117          80,371          80,371
Leaf Instances:                58,268          30,012          28,907          28,907
Total Instances:               58,268          30,012          28,907          28,907
Utilization (%):                 0.00            0.00            0.00            0.00
Tot. Net Length (um):        no_value        no_value        no_value        no_value
Avg. Net Length (um):        no_value        no_value        no_value        no_value
Route Overflow H (%):        no_value        no_value        no_value        no_value
Route Overflow V (%):        no_value        no_value        no_value        no_value
MBCI(%) (bits/gate) :            0.00            0.00            0.00            0.00
Norm Cong Hotspot Area:
  Max Cong:                  no_value        no_value        no_value        no_value
  Tot Cong:                  no_value        no_value        no_value        no_value
==========================================================================================
CPU  Runtime (h:m:s):        00:05:24        00:11:59        00:02:16        00:00:04
Real Runtime (h:m:s):        00:04:52        00:08:35        00:02:13        00:00:06
CPU  Elapsed (h:m:s):        00:05:31        00:17:29        00:19:45        00:19:49
Real Elapsed (h:m:s):        00:04:58        00:13:32        00:15:45        00:15:51
Memory (MB):                  1607.19         1604.93         1596.75         1645.59
==========================================================================================
==========================================================================================
Flow Settings:
==========================================================================================
Total Runtime (h:m:s): 00:15:50
Total Memory (MB):     1645.59
Executable Version:    21.16-s062_1
==========================================================================================
Total Cell Area =  Cell Area + Physical Cell Area
Total Instances =  Leaf Instances + Physical Instances


