============================================================
  Generated by:           Genus(TM) Synthesis Solution 21.16-s062_1
  Generated on:           Dec 19 2023  08:59:45 pm
  Module:                 fpu_double
  Operating conditions:   slow 
  Interconnect mode:      global
  Area mode:              physical library
============================================================

Timing
--------

Clock Period 
-------------
clk   3340.0 


  Cost    Critical         Violating 
 Group   Path Slack  TNS     Paths   
-------------------------------------
clk             0.0   0.0          0 
default    No paths   0.0            
-------------------------------------
Total                 0.0          0 

Instance Count
--------------
Leaf Instance Count             31113 
Physical Instance count             0 
Sequential Instance Count        5062 
Combinational Instance Count    26051 
Hierarchical Instance Count         1 

Area
----
Cell Area                          94299.677
Physical Cell Area                 0.000
Total Cell Area (Cell+Physical)    94299.677
Net Area                           40434.299
Total Area (Cell+Physical+Net)     134733.976

Runtime                            303.545709 seconds
Elapsed Runtime                    1006 seconds
Genus peak memory usage            1644.34 
Innovus peak memory usage          no_value 
Hostname                           cadpc02.ee.columbia.edu
