============================================================
  Generated by:           Genus(TM) Synthesis Solution 21.16-s062_1
  Generated on:           Dec 19 2023  09:15:08 pm
  Module:                 fpu_double
  Operating conditions:   slow 
  Interconnect mode:      global
  Area mode:              physical library
============================================================

Timing
--------

Clock Period 
-------------
clk   3680.0 


  Cost    Critical         Violating 
 Group   Path Slack  TNS     Paths   
-------------------------------------
clk             0.0   0.0          0 
default    No paths   0.0            
-------------------------------------
Total                 0.0          0 

Instance Count
--------------
Leaf Instance Count             29754 
Physical Instance count             0 
Sequential Instance Count        5062 
Combinational Instance Count    24692 
Hierarchical Instance Count         1 

Area
----
Cell Area                          87608.977
Physical Cell Area                 0.000
Total Cell Area (Cell+Physical)    87608.977
Net Area                           38967.539
Total Area (Cell+Physical+Net)     126576.516

Runtime                            309.380066 seconds
Elapsed Runtime                    955 seconds
Genus peak memory usage            1658.71 
Innovus peak memory usage          no_value 
Hostname                           cadpc06.ee.columbia.edu
