============================================================
  Generated by:           Genus(TM) Synthesis Solution 21.16-s062_1
  Generated on:           Dec 19 2023  09:16:03 pm
  Module:                 fpu_double
  Operating conditions:   slow 
  Interconnect mode:      global
  Area mode:              physical library
============================================================

Timing
--------

Clock Period 
-------------
clk   3410.0 


  Cost    Critical         Violating 
 Group   Path Slack  TNS     Paths   
-------------------------------------
clk             0.0   0.0          0 
default    No paths   0.0            
-------------------------------------
Total                 0.0          0 

Instance Count
--------------
Leaf Instance Count             30681 
Physical Instance count             0 
Sequential Instance Count        5062 
Combinational Instance Count    25619 
Hierarchical Instance Count         1 

Area
----
Cell Area                          92964.595
Physical Cell Area                 0.000
Total Cell Area (Cell+Physical)    92964.595
Net Area                           40032.894
Total Area (Cell+Physical+Net)     132997.489

Runtime                            302.225122 seconds
Elapsed Runtime                    968 seconds
Genus peak memory usage            1639.90 
Innovus peak memory usage          no_value 
Hostname                           cadpc06.ee.columbia.edu
