

Working Directory = /homes/user/stud/fall22/zm2404/E6693/project/DA1_28
QoS Summary for fpu_double
==========================================================================================
Metric                          generic         map             syn_opt         final          
==========================================================================================
Slack (ps):                       411               0               0               0
  R2R (ps):                       411               0               0               0
  I2R (ps):                  no_value        no_value        no_value        no_value
  R2O (ps):                     2,203           2,164           2,164           2,164
  I2O (ps):                  no_value        no_value        no_value        no_value
  CG  (ps):                  no_value        no_value        no_value        no_value
TNS (ps):                           0               0               0               0
  R2R (ps):                         0               0               0               0
  I2R (ps):                  no_value        no_value        no_value        no_value
  R2O (ps):                         0               0               0               0
  I2O (ps):                  no_value        no_value        no_value        no_value
  CG  (ps):                  no_value        no_value        no_value        no_value
Failing Paths:                      0               0               0               0
Cell Area:                    190,003          92,062          87,223          87,223
Total Cell Area:              190,003          92,062          87,223          87,223
Leaf Instances:                58,533          30,823          29,767          29,767
Total Instances:               58,533          30,823          29,767          29,767
Utilization (%):                 0.00            0.00            0.00            0.00
Tot. Net Length (um):        no_value        no_value        no_value        no_value
Avg. Net Length (um):        no_value        no_value        no_value        no_value
Route Overflow H (%):        no_value        no_value        no_value        no_value
Route Overflow V (%):        no_value        no_value        no_value        no_value
MBCI(%) (bits/gate) :            0.00            0.00            0.00            0.00
Norm Cong Hotspot Area:
  Max Cong:                  no_value        no_value        no_value        no_value
  Tot Cong:                  no_value        no_value        no_value        no_value
==========================================================================================
CPU  Runtime (h:m:s):        00:05:04        00:12:21        00:02:53        00:00:05
Real Runtime (h:m:s):        00:04:10        00:08:23        00:03:02        00:00:07
CPU  Elapsed (h:m:s):        00:05:10        00:17:30        00:20:23        00:20:27
Real Elapsed (h:m:s):        00:04:16        00:12:39        00:15:40        00:15:47
Memory (MB):                  1611.57         1610.49         1601.30         1647.15
==========================================================================================
==========================================================================================
Flow Settings:
==========================================================================================
Total Runtime (h:m:s): 00:15:46
Total Memory (MB):     1647.15
Executable Version:    21.16-s062_1
==========================================================================================
Total Cell Area =  Cell Area + Physical Cell Area
Total Instances =  Leaf Instances + Physical Instances


