============================================================
  Generated by:           Genus(TM) Synthesis Solution 21.16-s062_1
  Generated on:           Dec 19 2023  08:50:55 pm
  Module:                 fpu_double
  Operating conditions:   slow 
  Interconnect mode:      global
  Area mode:              physical library
============================================================

Timing
--------

Clock Period 
-------------
clk   3860.0 


  Cost    Critical         Violating 
 Group   Path Slack  TNS     Paths   
-------------------------------------
clk             0.0   0.0          0 
default    No paths   0.0            
-------------------------------------
Total                 0.0          0 

Instance Count
--------------
Leaf Instance Count             29519 
Physical Instance count             0 
Sequential Instance Count        5062 
Combinational Instance Count    24457 
Hierarchical Instance Count         1 

Area
----
Cell Area                          85564.279
Physical Cell Area                 0.000
Total Cell Area (Cell+Physical)    85564.279
Net Area                           38633.359
Total Area (Cell+Physical+Net)     124197.638

Runtime                            186.43858300000005 seconds
Elapsed Runtime                    472 seconds
Genus peak memory usage            1650.20 
Innovus peak memory usage          no_value 
Hostname                           cadpc11.ee.columbia.edu
