============================================================
  Generated by:           Genus(TM) Synthesis Solution 21.16-s062_1
  Generated on:           Dec 19 2023  09:04:23 pm
  Module:                 fpu_double
  Operating conditions:   slow 
  Interconnect mode:      global
  Area mode:              physical library
============================================================

Timing
--------

Clock Period 
-------------
clk   3720.0 


  Cost    Critical         Violating 
 Group   Path Slack  TNS     Paths   
-------------------------------------
clk             0.0   0.0          0 
default    No paths   0.0            
-------------------------------------
Total                 0.0          0 

Instance Count
--------------
Leaf Instance Count             29899 
Physical Instance count             0 
Sequential Instance Count        5062 
Combinational Instance Count    24837 
Hierarchical Instance Count         1 

Area
----
Cell Area                          86998.473
Physical Cell Area                 0.000
Total Cell Area (Cell+Physical)    86998.473
Net Area                           39035.998
Total Area (Cell+Physical+Net)     126034.471

Runtime                            261.785816 seconds
Elapsed Runtime                    738 seconds
Genus peak memory usage            1647.14 
Innovus peak memory usage          no_value 
Hostname                           cadpc15.ee.columbia.edu
