============================================================
  Generated by:           Genus(TM) Synthesis Solution 21.16-s062_1
  Generated on:           Dec 19 2023  09:04:05 pm
  Module:                 fpu_double
  Operating conditions:   slow 
  Interconnect mode:      global
  Area mode:              physical library
============================================================

Timing
--------

Clock Period 
-------------
clk   3990.0 


  Cost    Critical         Violating 
 Group   Path Slack  TNS     Paths   
-------------------------------------
clk             0.0   0.0          0 
default    No paths   0.0            
-------------------------------------
Total                 0.0          0 

Instance Count
--------------
Leaf Instance Count             29616 
Physical Instance count             0 
Sequential Instance Count        5062 
Combinational Instance Count    24554 
Hierarchical Instance Count         1 

Area
----
Cell Area                          84424.478
Physical Cell Area                 0.000
Total Cell Area (Cell+Physical)    84424.478
Net Area                           38599.244
Total Area (Cell+Physical+Net)     123023.722

Runtime                            248.080847 seconds
Elapsed Runtime                    726 seconds
Genus peak memory usage            1657.38 
Innovus peak memory usage          no_value 
Hostname                           cadpc15.ee.columbia.edu
