============================================================
  Generated by:           Genus(TM) Synthesis Solution 21.16-s062_1
  Generated on:           Dec 19 2023  08:59:18 pm
  Module:                 fpu_double
  Operating conditions:   slow 
  Interconnect mode:      global
  Area mode:              physical library
============================================================

Timing
--------

Clock Period 
-------------
clk   4490.0 


  Cost    Critical         Violating 
 Group   Path Slack  TNS     Paths   
-------------------------------------
clk             0.0   0.0          0 
default    No paths   0.0            
-------------------------------------
Total                 0.0          0 

Instance Count
--------------
Leaf Instance Count             29226 
Physical Instance count             0 
Sequential Instance Count        5062 
Combinational Instance Count    24164 
Hierarchical Instance Count         1 

Area
----
Cell Area                          81964.336
Physical Cell Area                 0.000
Total Cell Area (Cell+Physical)    81964.336
Net Area                           38143.159
Total Area (Cell+Physical+Net)     120107.495

Runtime                            295.214969 seconds
Elapsed Runtime                    978 seconds
Genus peak memory usage            1654.18 
Innovus peak memory usage          no_value 
Hostname                           cadpc02.ee.columbia.edu
