============================================================
  Generated by:           Genus(TM) Synthesis Solution 21.16-s062_1
  Generated on:           Dec 19 2023  09:19:54 pm
  Module:                 fpu_double
  Operating conditions:   slow 
  Interconnect mode:      global
  Area mode:              physical library
============================================================

Timing
--------

Clock Period 
-------------
clk   3030.0 


  Cost    Critical         Violating 
 Group   Path Slack  TNS     Paths   
-------------------------------------
clk             0.0   0.0          0 
default    No paths   0.0            
-------------------------------------
Total                 0.0          0 

Instance Count
--------------
Leaf Instance Count             34710 
Physical Instance count             0 
Sequential Instance Count        5062 
Combinational Instance Count    29648 
Hierarchical Instance Count         1 

Area
----
Cell Area                          107967.758
Physical Cell Area                 0.000
Total Cell Area (Cell+Physical)    107967.758
Net Area                           44004.211
Total Area (Cell+Physical+Net)     151971.969

Runtime                            265.139633 seconds
Elapsed Runtime                    1121 seconds
Genus peak memory usage            1647.70 
Innovus peak memory usage          no_value 
Hostname                           cadpc06.ee.columbia.edu
