============================================================
  Generated by:           Genus(TM) Synthesis Solution 21.16-s062_1
  Generated on:           Dec 19 2023  09:15:35 pm
  Module:                 fpu_double
  Operating conditions:   slow 
  Interconnect mode:      global
  Area mode:              physical library
============================================================

Timing
--------

Clock Period 
-------------
clk   3550.0 


  Cost    Critical         Violating 
 Group   Path Slack  TNS     Paths   
-------------------------------------
clk             0.0   0.0          0 
default    No paths   0.0            
-------------------------------------
Total                 0.0          0 

Instance Count
--------------
Leaf Instance Count             30328 
Physical Instance count             0 
Sequential Instance Count        5062 
Combinational Instance Count    25266 
Hierarchical Instance Count         1 

Area
----
Cell Area                          89167.420
Physical Cell Area                 0.000
Total Cell Area (Cell+Physical)    89167.420
Net Area                           39558.831
Total Area (Cell+Physical+Net)     128726.251

Runtime                            316.46597399999996 seconds
Elapsed Runtime                    957 seconds
Genus peak memory usage            1652.15 
Innovus peak memory usage          no_value 
Hostname                           cadpc06.ee.columbia.edu
