

Working Directory = /homes/user/stud/fall22/zm2404/E6693/project/DA1_21
QoS Summary for fpu_double
==========================================================================================
Metric                          generic         map             syn_opt         final          
==========================================================================================
Slack (ps):                       555              35               0               0
  R2R (ps):                       555              35               0               0
  I2R (ps):                  no_value        no_value        no_value        no_value
  R2O (ps):                     2,413           2,363           2,363           2,363
  I2O (ps):                  no_value        no_value        no_value        no_value
  CG  (ps):                  no_value        no_value        no_value        no_value
TNS (ps):                           0               0               0               0
  R2R (ps):                         0               0               0               0
  I2R (ps):                  no_value        no_value        no_value        no_value
  R2O (ps):                         0               0               0               0
  I2O (ps):                  no_value        no_value        no_value        no_value
  CG  (ps):                  no_value        no_value        no_value        no_value
Failing Paths:                      0               0               0               0
Cell Area:                    189,622          89,641          84,424          84,424
Total Cell Area:              189,622          89,641          84,424          84,424
Leaf Instances:                58,391          30,803          29,616          29,616
Total Instances:               58,391          30,803          29,616          29,616
Utilization (%):                 0.00            0.00            0.00            0.00
Tot. Net Length (um):        no_value        no_value        no_value        no_value
Avg. Net Length (um):        no_value        no_value        no_value        no_value
Route Overflow H (%):        no_value        no_value        no_value        no_value
Route Overflow V (%):        no_value        no_value        no_value        no_value
MBCI(%) (bits/gate) :            0.00            0.00            0.00            0.00
Norm Cong Hotspot Area:
  Max Cong:                  no_value        no_value        no_value        no_value
  Tot Cong:                  no_value        no_value        no_value        no_value
==========================================================================================
CPU  Runtime (h:m:s):        00:04:05        00:11:57        00:02:36        00:00:04
Real Runtime (h:m:s):        00:02:46        00:05:27        00:03:25        00:00:05
CPU  Elapsed (h:m:s):        00:04:11        00:16:07        00:18:43        00:18:47
Real Elapsed (h:m:s):        00:02:51        00:08:18        00:11:42        00:11:47
Memory (MB):                  1616.95         1616.87         1615.69         1666.53
==========================================================================================
==========================================================================================
Flow Settings:
==========================================================================================
Total Runtime (h:m:s): 00:11:46
Total Memory (MB):     1666.53
Executable Version:    21.16-s062_1
==========================================================================================
Total Cell Area =  Cell Area + Physical Cell Area
Total Instances =  Leaf Instances + Physical Instances


