

Working Directory = /homes/user/stud/fall22/zm2404/E6693/project/DA1_3
QoS Summary for fpu_double
==========================================================================================
Metric                          generic         map             syn_opt         final          
==========================================================================================
Slack (ps):                       578              90               0               0
  R2R (ps):                       578              90               0               0
  I2R (ps):                  no_value        no_value        no_value        no_value
  R2O (ps):                     2,777           2,707           2,707           2,707
  I2O (ps):                  no_value        no_value        no_value        no_value
  CG  (ps):                  no_value        no_value        no_value        no_value
TNS (ps):                           0               0               0               0
  R2R (ps):                         0               0               0               0
  I2R (ps):                  no_value        no_value        no_value        no_value
  R2O (ps):                         0               0               0               0
  I2O (ps):                  no_value        no_value        no_value        no_value
  CG  (ps):                  no_value        no_value        no_value        no_value
Failing Paths:                      0               0               0               0
Cell Area:                    189,248          85,361          81,273          81,273
Total Cell Area:              189,248          85,361          81,273          81,273
Leaf Instances:                58,250          30,121          29,067          29,067
Total Instances:               58,250          30,121          29,067          29,067
Utilization (%):                 0.00            0.00            0.00            0.00
Tot. Net Length (um):        no_value        no_value        no_value        no_value
Avg. Net Length (um):        no_value        no_value        no_value        no_value
Route Overflow H (%):        no_value        no_value        no_value        no_value
Route Overflow V (%):        no_value        no_value        no_value        no_value
MBCI(%) (bits/gate) :            0.00            0.00            0.00            0.00
Norm Cong Hotspot Area:
  Max Cong:                  no_value        no_value        no_value        no_value
  Tot Cong:                  no_value        no_value        no_value        no_value
==========================================================================================
CPU  Runtime (h:m:s):        00:05:25        00:12:04        00:02:09        00:00:04
Real Runtime (h:m:s):        00:04:49        00:08:38        00:02:08        00:00:06
CPU  Elapsed (h:m:s):        00:05:32        00:17:35        00:19:44        00:19:48
Real Elapsed (h:m:s):        00:04:55        00:13:33        00:15:40        00:15:47
Memory (MB):                  1610.04         1606.96         1598.78         1651.62
==========================================================================================
==========================================================================================
Flow Settings:
==========================================================================================
Total Runtime (h:m:s): 00:15:45
Total Memory (MB):     1651.62
Executable Version:    21.16-s062_1
==========================================================================================
Total Cell Area =  Cell Area + Physical Cell Area
Total Instances =  Leaf Instances + Physical Instances


