============================================================
  Generated by:           Genus(TM) Synthesis Solution 21.16-s062_1
  Generated on:           Dec 19 2023  08:58:54 pm
  Module:                 fpu_double
  Operating conditions:   slow 
  Interconnect mode:      global
  Area mode:              physical library
============================================================

Timing
--------

Clock Period 
-------------
clk   4510.0 


  Cost    Critical         Violating 
 Group   Path Slack  TNS     Paths   
-------------------------------------
clk             0.0   0.0          0 
default    No paths   0.0            
-------------------------------------
Total                 0.0          0 

Instance Count
--------------
Leaf Instance Count             29067 
Physical Instance count             0 
Sequential Instance Count        5062 
Combinational Instance Count    24005 
Hierarchical Instance Count         1 

Area
----
Cell Area                          81273.376
Physical Cell Area                 0.000
Total Cell Area (Cell+Physical)    81273.376
Net Area                           38015.877
Total Area (Cell+Physical+Net)     119289.253

Runtime                            290.642992 seconds
Elapsed Runtime                    955 seconds
Genus peak memory usage            1651.62 
Innovus peak memory usage          no_value 
Hostname                           cadpc02.ee.columbia.edu
