

Working Directory = /homes/user/stud/fall22/zm2404/E6693/project/DA1_12
QoS Summary for fpu_double
==========================================================================================
Metric                          generic         map             syn_opt         final          
==========================================================================================
Slack (ps):                       562              92               0               0
  R2R (ps):                       562              92               0               0
  I2R (ps):                  no_value        no_value        no_value        no_value
  R2O (ps):                     2,609           2,548           2,548           2,548
  I2O (ps):                  no_value        no_value        no_value        no_value
  CG  (ps):                  no_value        no_value        no_value        no_value
TNS (ps):                           0               0               0               0
  R2R (ps):                         0               0               0               0
  I2R (ps):                  no_value        no_value        no_value        no_value
  R2O (ps):                         0               0               0               0
  I2O (ps):                  no_value        no_value        no_value        no_value
  CG  (ps):                  no_value        no_value        no_value        no_value
Failing Paths:                      0               0               0               0
Cell Area:                    189,419          86,459          82,330          82,330
Total Cell Area:              189,419          86,459          82,330          82,330
Leaf Instances:                58,314          30,320          29,232          29,232
Total Instances:               58,314          30,320          29,232          29,232
Utilization (%):                 0.00            0.00            0.00            0.00
Tot. Net Length (um):        no_value        no_value        no_value        no_value
Avg. Net Length (um):        no_value        no_value        no_value        no_value
Route Overflow H (%):        no_value        no_value        no_value        no_value
Route Overflow V (%):        no_value        no_value        no_value        no_value
MBCI(%) (bits/gate) :            0.00            0.00            0.00            0.00
Norm Cong Hotspot Area:
  Max Cong:                  no_value        no_value        no_value        no_value
  Tot Cong:                  no_value        no_value        no_value        no_value
==========================================================================================
CPU  Runtime (h:m:s):        00:04:09        00:10:57        00:01:29        00:00:02
Real Runtime (h:m:s):        00:02:56        00:04:15        00:01:21        00:00:04
CPU  Elapsed (h:m:s):        00:04:14        00:15:10        00:16:39        00:16:42
Real Elapsed (h:m:s):        00:03:00        00:07:15        00:08:36        00:08:40
Memory (MB):                  1617.96         1618.88         1617.70         1659.54
==========================================================================================
==========================================================================================
Flow Settings:
==========================================================================================
Total Runtime (h:m:s): 00:08:38
Total Memory (MB):     1659.54
Executable Version:    21.16-s062_1
==========================================================================================
Total Cell Area =  Cell Area + Physical Cell Area
Total Instances =  Leaf Instances + Physical Instances


