

Working Directory = /homes/user/stud/fall22/zm2404/E6693/project/DA1_13
QoS Summary for fpu_double
==========================================================================================
Metric                          generic         map             syn_opt         final          
==========================================================================================
Slack (ps):                       585              86               0               0
  R2R (ps):                       585              86               0               0
  I2R (ps):                  no_value        no_value        no_value        no_value
  R2O (ps):                     2,658           2,594           2,594           2,594
  I2O (ps):                  no_value        no_value        no_value        no_value
  CG  (ps):                  no_value        no_value        no_value        no_value
TNS (ps):                           0               0               0               0
  R2R (ps):                         0               0               0               0
  I2R (ps):                  no_value        no_value        no_value        no_value
  R2O (ps):                         0               0               0               0
  I2O (ps):                  no_value        no_value        no_value        no_value
  CG  (ps):                  no_value        no_value        no_value        no_value
Failing Paths:                      0               0               0               0
Cell Area:                    189,328          86,657          81,909          81,909
Total Cell Area:              189,328          86,657          81,909          81,909
Leaf Instances:                58,280          30,249          29,103          29,103
Total Instances:               58,280          30,249          29,103          29,103
Utilization (%):                 0.00            0.00            0.00            0.00
Tot. Net Length (um):        no_value        no_value        no_value        no_value
Avg. Net Length (um):        no_value        no_value        no_value        no_value
Route Overflow H (%):        no_value        no_value        no_value        no_value
Route Overflow V (%):        no_value        no_value        no_value        no_value
MBCI(%) (bits/gate) :            0.00            0.00            0.00            0.00
Norm Cong Hotspot Area:
  Max Cong:                  no_value        no_value        no_value        no_value
  Tot Cong:                  no_value        no_value        no_value        no_value
==========================================================================================
CPU  Runtime (h:m:s):        00:03:43        00:10:24        00:01:24        00:00:02
Real Runtime (h:m:s):        00:02:34        00:03:32        00:01:17        00:00:04
CPU  Elapsed (h:m:s):        00:03:48        00:14:12        00:15:35        00:15:37
Real Elapsed (h:m:s):        00:02:38        00:06:10        00:07:27        00:07:30
Memory (MB):                  1615.31         1616.05         1614.87         1656.71
==========================================================================================
==========================================================================================
Flow Settings:
==========================================================================================
Total Runtime (h:m:s): 00:07:29
Total Memory (MB):     1656.71
Executable Version:    21.16-s062_1
==========================================================================================
Total Cell Area =  Cell Area + Physical Cell Area
Total Instances =  Leaf Instances + Physical Instances


