============================================================
  Generated by:           Genus(TM) Synthesis Solution 21.16-s062_1
  Generated on:           Dec 19 2023  08:50:41 pm
  Module:                 fpu_double
  Operating conditions:   slow 
  Interconnect mode:      global
  Area mode:              physical library
============================================================

Timing
--------

Clock Period 
-------------
clk   4340.0 


  Cost    Critical         Violating 
 Group   Path Slack  TNS     Paths   
-------------------------------------
clk             0.0   0.0          0 
default    No paths   0.0            
-------------------------------------
Total                 0.0          0 

Instance Count
--------------
Leaf Instance Count             29103 
Physical Instance count             0 
Sequential Instance Count        5062 
Combinational Instance Count    24041 
Hierarchical Instance Count         1 

Area
----
Cell Area                          81908.829
Physical Cell Area                 0.000
Total Cell Area (Cell+Physical)    81908.829
Net Area                           38102.316
Total Area (Cell+Physical+Net)     120011.145

Runtime                            173.424109 seconds
Elapsed Runtime                    458 seconds
Genus peak memory usage            1656.71 
Innovus peak memory usage          no_value 
Hostname                           cadpc11.ee.columbia.edu
