============================================================
  Generated by:           Genus(TM) Synthesis Solution 21.16-s062_1
  Generated on:           Dec 19 2023  08:52:03 pm
  Module:                 fpu_double
  Operating conditions:   slow 
  Interconnect mode:      global
  Area mode:              physical library
============================================================

Timing
--------

Clock Period 
-------------
clk   4480.0 


  Cost    Critical         Violating 
 Group   Path Slack  TNS     Paths   
-------------------------------------
clk             0.0   0.0          0 
default    No paths   0.0            
-------------------------------------
Total                 0.0          0 

Instance Count
--------------
Leaf Instance Count             29094 
Physical Instance count             0 
Sequential Instance Count        5062 
Combinational Instance Count    24032 
Hierarchical Instance Count         1 

Area
----
Cell Area                          81562.605
Physical Cell Area                 0.000
Total Cell Area (Cell+Physical)    81562.605
Net Area                           38023.461
Total Area (Cell+Physical+Net)     119586.066

Runtime                            196.48679600000003 seconds
Elapsed Runtime                    541 seconds
Genus peak memory usage            1659.07 
Innovus peak memory usage          no_value 
Hostname                           cadpc09.ee.columbia.edu
