============================================================
  Generated by:           Genus(TM) Synthesis Solution 21.16-s062_1
  Generated on:           Dec 19 2023  08:51:56 pm
  Module:                 fpu_double
  Operating conditions:   slow 
  Interconnect mode:      global
  Area mode:              physical library
============================================================

Timing
--------

Clock Period 
-------------
clk   3850.0 


  Cost    Critical         Violating 
 Group   Path Slack  TNS     Paths   
-------------------------------------
clk             0.0   0.0          0 
default    No paths   0.0            
-------------------------------------
Total                 0.0          0 

Instance Count
--------------
Leaf Instance Count             29525 
Physical Instance count             0 
Sequential Instance Count        5062 
Combinational Instance Count    24463 
Hierarchical Instance Count         1 

Area
----
Cell Area                          85419.972
Physical Cell Area                 0.000
Total Cell Area (Cell+Physical)    85419.972
Net Area                           38601.961
Total Area (Cell+Physical+Net)     124021.933

Runtime                            185.34193599999998 seconds
Elapsed Runtime                    534 seconds
Genus peak memory usage            1655.14 
Innovus peak memory usage          no_value 
Hostname                           cadpc09.ee.columbia.edu
