

Working Directory = /homes/user/stud/fall22/zm2404/E6693/project/DA1_11
QoS Summary for fpu_double
==========================================================================================
Metric                          generic         map             syn_opt         final          
==========================================================================================
Slack (ps):                       412              26               0               0
  R2R (ps):                       412              26               0               0
  I2R (ps):                  no_value        no_value        no_value        no_value
  R2O (ps):                     2,315           2,270           2,270           2,270
  I2O (ps):                  no_value        no_value        no_value        no_value
  CG  (ps):                  no_value        no_value        no_value        no_value
TNS (ps):                           0               0               0               0
  R2R (ps):                         0               0               0               0
  I2R (ps):                  no_value        no_value        no_value        no_value
  R2O (ps):                         0               0               0               0
  I2O (ps):                  no_value        no_value        no_value        no_value
  CG  (ps):                  no_value        no_value        no_value        no_value
Failing Paths:                      0               0               0               0
Cell Area:                    189,648          91,349          85,420          85,420
Total Cell Area:              189,648          91,349          85,420          85,420
Leaf Instances:                58,400          30,746          29,525          29,525
Total Instances:               58,400          30,746          29,525          29,525
Utilization (%):                 0.00            0.00            0.00            0.00
Tot. Net Length (um):        no_value        no_value        no_value        no_value
Avg. Net Length (um):        no_value        no_value        no_value        no_value
Route Overflow H (%):        no_value        no_value        no_value        no_value
Route Overflow V (%):        no_value        no_value        no_value        no_value
MBCI(%) (bits/gate) :            0.00            0.00            0.00            0.00
Norm Cong Hotspot Area:
  Max Cong:                  no_value        no_value        no_value        no_value
  Tot Cong:                  no_value        no_value        no_value        no_value
==========================================================================================
CPU  Runtime (h:m:s):        00:04:05        00:11:00        00:01:41        00:00:03
Real Runtime (h:m:s):        00:02:52        00:04:17        00:01:30        00:00:04
CPU  Elapsed (h:m:s):        00:04:10        00:15:09        00:16:50        00:16:53
Real Elapsed (h:m:s):        00:02:56        00:07:12        00:08:43        00:08:46
Memory (MB):                  1599.55         1601.48         1601.30         1655.14
==========================================================================================
==========================================================================================
Flow Settings:
==========================================================================================
Total Runtime (h:m:s): 00:08:45
Total Memory (MB):     1655.14
Executable Version:    21.16-s062_1
==========================================================================================
Total Cell Area =  Cell Area + Physical Cell Area
Total Instances =  Leaf Instances + Physical Instances


