============================================================
  Generated by:           Genus(TM) Synthesis Solution 21.16-s062_1
  Generated on:           Dec 19 2023  08:51:49 pm
  Module:                 fpu_double
  Operating conditions:   slow 
  Interconnect mode:      global
  Area mode:              physical library
============================================================

Timing
--------

Clock Period 
-------------
clk   4270.0 


  Cost    Critical         Violating 
 Group   Path Slack  TNS     Paths   
-------------------------------------
clk             0.0   0.0          0 
default    No paths   0.0            
-------------------------------------
Total                 0.0          0 

Instance Count
--------------
Leaf Instance Count             29232 
Physical Instance count             0 
Sequential Instance Count        5062 
Combinational Instance Count    24170 
Hierarchical Instance Count         1 

Area
----
Cell Area                          82330.087
Physical Cell Area                 0.000
Total Cell Area (Cell+Physical)    82330.087
Net Area                           38176.344
Total Area (Cell+Physical+Net)     120506.431

Runtime                            198.31819000000002 seconds
Elapsed Runtime                    528 seconds
Genus peak memory usage            1659.54 
Innovus peak memory usage          no_value 
Hostname                           cadpc09.ee.columbia.edu
