============================================================
  Generated by:           Genus(TM) Synthesis Solution 21.16-s062_1
  Generated on:           Dec 19 2023  08:59:27 pm
  Module:                 fpu_double
  Operating conditions:   slow 
  Interconnect mode:      global
  Area mode:              physical library
============================================================

Timing
--------

Clock Period 
-------------
clk   3710.0 


  Cost    Critical         Violating 
 Group   Path Slack  TNS     Paths   
-------------------------------------
clk             0.0   0.0          0 
default    No paths   0.0            
-------------------------------------
Total                 0.0          0 

Instance Count
--------------
Leaf Instance Count             29894 
Physical Instance count             0 
Sequential Instance Count        5062 
Combinational Instance Count    24832 
Hierarchical Instance Count         1 

Area
----
Cell Area                          86502.009
Physical Cell Area                 0.000
Total Cell Area (Cell+Physical)    86502.009
Net Area                           39030.049
Total Area (Cell+Physical+Net)     125532.058

Runtime                            313.73606099999995 seconds
Elapsed Runtime                    988 seconds
Genus peak memory usage            1651.52 
Innovus peak memory usage          no_value 
Hostname                           cadpc02.ee.columbia.edu
