============================================================
  Generated by:           Genus(TM) Synthesis Solution 21.16-s062_1
  Generated on:           Dec 19 2023  09:15:31 pm
  Module:                 fpu_double
  Operating conditions:   slow 
  Interconnect mode:      global
  Area mode:              physical library
============================================================

Timing
--------

Clock Period 
-------------
clk   3630.0 


  Cost    Critical         Violating 
 Group   Path Slack  TNS     Paths   
-------------------------------------
clk             0.0   0.0          0 
default    No paths   0.0            
-------------------------------------
Total                 0.0          0 

Instance Count
--------------
Leaf Instance Count             29949 
Physical Instance count             0 
Sequential Instance Count        5062 
Combinational Instance Count    24887 
Hierarchical Instance Count         1 

Area
----
Cell Area                          88130.801
Physical Cell Area                 0.000
Total Cell Area (Cell+Physical)    88130.801
Net Area                           39182.990
Total Area (Cell+Physical+Net)     127313.791

Runtime                            318.69743400000004 seconds
Elapsed Runtime                    962 seconds
Genus peak memory usage            1647.89 
Innovus peak memory usage          no_value 
Hostname                           cadpc06.ee.columbia.edu
