

Working Directory = /homes/user/stud/fall22/zm2404/E6693/project/DA1_33
QoS Summary for fpu_double
==========================================================================================
Metric                          generic         map             syn_opt         final          
==========================================================================================
Slack (ps):                       406               0               0               0
  R2R (ps):                       406               0               0               0
  I2R (ps):                  no_value        no_value        no_value        no_value
  R2O (ps):                     2,161           2,124           2,124           2,124
  I2O (ps):                  no_value        no_value        no_value        no_value
  CG  (ps):                  no_value        no_value        no_value        no_value
TNS (ps):                           0               0               0               0
  R2R (ps):                         0               0               0               0
  I2R (ps):                  no_value        no_value        no_value        no_value
  R2O (ps):                         0               0               0               0
  I2O (ps):                  no_value        no_value        no_value        no_value
  CG  (ps):                  no_value        no_value        no_value        no_value
Failing Paths:                      0               0               0               0
Cell Area:                    190,290          92,726          88,131          88,131
Total Cell Area:              190,290          92,726          88,131          88,131
Leaf Instances:                58,641          30,968          29,949          29,949
Total Instances:               58,641          30,968          29,949          29,949
Utilization (%):                 0.00            0.00            0.00            0.00
Tot. Net Length (um):        no_value        no_value        no_value        no_value
Avg. Net Length (um):        no_value        no_value        no_value        no_value
Route Overflow H (%):        no_value        no_value        no_value        no_value
Route Overflow V (%):        no_value        no_value        no_value        no_value
MBCI(%) (bits/gate) :            0.00            0.00            0.00            0.00
Norm Cong Hotspot Area:
  Max Cong:                  no_value        no_value        no_value        no_value
  Tot Cong:                  no_value        no_value        no_value        no_value
==========================================================================================
CPU  Runtime (h:m:s):        00:05:19        00:12:23        00:02:44        00:00:03
Real Runtime (h:m:s):        00:04:32        00:08:29        00:02:47        00:00:05
CPU  Elapsed (h:m:s):        00:05:25        00:17:47        00:20:30        00:20:34
Real Elapsed (h:m:s):        00:04:38        00:13:04        00:15:51        00:15:56
Memory (MB):                  1609.48         1611.23         1602.04         1647.89
==========================================================================================
==========================================================================================
Flow Settings:
==========================================================================================
Total Runtime (h:m:s): 00:15:56
Total Memory (MB):     1647.89
Executable Version:    21.16-s062_1
==========================================================================================
Total Cell Area =  Cell Area + Physical Cell Area
Total Instances =  Leaf Instances + Physical Instances


