

Working Directory = /homes/user/stud/fall22/zm2404/E6693/project/DA1_34
QoS Summary for fpu_double
==========================================================================================
Metric                          generic         map             syn_opt         final          
==========================================================================================
Slack (ps):                       441               0               0               0
  R2R (ps):                       441               0               0               0
  I2R (ps):                  no_value        no_value        no_value        no_value
  R2O (ps):                     2,217           2,177           2,177           2,177
  I2O (ps):                  no_value        no_value        no_value        no_value
  CG  (ps):                  no_value        no_value        no_value        no_value
TNS (ps):                           0               0               0               0
  R2R (ps):                         0               0               0               0
  I2R (ps):                  no_value        no_value        no_value        no_value
  R2O (ps):                         0               0               0               0
  I2O (ps):                  no_value        no_value        no_value        no_value
  CG  (ps):                  no_value        no_value        no_value        no_value
Failing Paths:                      0               0               0               0
Cell Area:                    189,947          91,109          86,502          86,502
Total Cell Area:              189,947          91,109          86,502          86,502
Leaf Instances:                58,512          30,962          29,894          29,894
Total Instances:               58,512          30,962          29,894          29,894
Utilization (%):                 0.00            0.00            0.00            0.00
Tot. Net Length (um):        no_value        no_value        no_value        no_value
Avg. Net Length (um):        no_value        no_value        no_value        no_value
Route Overflow H (%):        no_value        no_value        no_value        no_value
Route Overflow V (%):        no_value        no_value        no_value        no_value
MBCI(%) (bits/gate) :            0.00            0.00            0.00            0.00
Norm Cong Hotspot Area:
  Max Cong:                  no_value        no_value        no_value        no_value
  Tot Cong:                  no_value        no_value        no_value        no_value
==========================================================================================
CPU  Runtime (h:m:s):        00:05:19        00:12:32        00:02:42        00:00:03
Real Runtime (h:m:s):        00:04:31        00:08:26        00:02:45        00:00:05
CPU  Elapsed (h:m:s):        00:05:26        00:17:57        00:20:38        00:20:41
Real Elapsed (h:m:s):        00:04:37        00:13:02        00:15:46        00:15:51
Memory (MB):                  1630.61         1626.53         1617.35         1654.19
==========================================================================================
==========================================================================================
Flow Settings:
==========================================================================================
Total Runtime (h:m:s): 00:15:50
Total Memory (MB):     1654.19
Executable Version:    21.16-s062_1
==========================================================================================
Total Cell Area =  Cell Area + Physical Cell Area
Total Instances =  Leaf Instances + Physical Instances


