

Working Directory = /homes/user/stud/fall22/zm2404/E6693/project/DA1_29
QoS Summary for fpu_double
==========================================================================================
Metric                          generic         map             syn_opt         final          
==========================================================================================
Slack (ps):                       411               0               0               0
  R2R (ps):                       411               0               0               0
  I2R (ps):                  no_value        no_value        no_value        no_value
  R2O (ps):                     2,203           2,164           2,164           2,164
  I2O (ps):                  no_value        no_value        no_value        no_value
  CG  (ps):                  no_value        no_value        no_value        no_value
TNS (ps):                           0               0               0               0
  R2R (ps):                         0               0               0               0
  I2R (ps):                  no_value        no_value        no_value        no_value
  R2O (ps):                         0               0               0               0
  I2O (ps):                  no_value        no_value        no_value        no_value
  CG  (ps):                  no_value        no_value        no_value        no_value
Failing Paths:                      0               0               0               0
Cell Area:                    190,003          92,062          87,223          87,223
Total Cell Area:              190,003          92,062          87,223          87,223
Leaf Instances:                58,533          30,823          29,767          29,767
Total Instances:               58,533          30,823          29,767          29,767
Utilization (%):                 0.00            0.00            0.00            0.00
Tot. Net Length (um):        no_value        no_value        no_value        no_value
Avg. Net Length (um):        no_value        no_value        no_value        no_value
Route Overflow H (%):        no_value        no_value        no_value        no_value
Route Overflow V (%):        no_value        no_value        no_value        no_value
MBCI(%) (bits/gate) :            0.00            0.00            0.00            0.00
Norm Cong Hotspot Area:
  Max Cong:                  no_value        no_value        no_value        no_value
  Tot Cong:                  no_value        no_value        no_value        no_value
==========================================================================================
CPU  Runtime (h:m:s):        00:05:07        00:12:25        00:02:56        00:00:04
Real Runtime (h:m:s):        00:04:13        00:08:22        00:03:04        00:00:07
CPU  Elapsed (h:m:s):        00:05:13        00:17:38        00:20:33        00:20:37
Real Elapsed (h:m:s):        00:04:19        00:12:41        00:15:44        00:15:51
Memory (MB):                  1611.46         1610.38         1601.20         1652.04
==========================================================================================
==========================================================================================
Flow Settings:
==========================================================================================
Total Runtime (h:m:s): 00:15:50
Total Memory (MB):     1652.04
Executable Version:    21.16-s062_1
==========================================================================================
Total Cell Area =  Cell Area + Physical Cell Area
Total Instances =  Leaf Instances + Physical Instances


