============================================================
  Generated by:           Genus(TM) Synthesis Solution 21.16-s062_1
  Generated on:           Dec 19 2023  09:15:09 pm
  Module:                 fpu_double
  Operating conditions:   slow 
  Interconnect mode:      global
  Area mode:              physical library
============================================================

Timing
--------

Clock Period 
-------------
clk   3690.0 


  Cost    Critical         Violating 
 Group   Path Slack  TNS     Paths   
-------------------------------------
clk             0.0   0.0          0 
default    No paths   0.0            
-------------------------------------
Total                 0.0          0 

Instance Count
--------------
Leaf Instance Count             29767 
Physical Instance count             0 
Sequential Instance Count        5062 
Combinational Instance Count    24705 
Hierarchical Instance Count         1 

Area
----
Cell Area                          87223.287
Physical Cell Area                 0.000
Total Cell Area (Cell+Physical)    87223.287
Net Area                           38861.847
Total Area (Cell+Physical+Net)     126085.134

Runtime                            301.973744 seconds
Elapsed Runtime                    959 seconds
Genus peak memory usage            1652.04 
Innovus peak memory usage          no_value 
Hostname                           cadpc06.ee.columbia.edu
