

Working Directory = /homes/user/stud/fall22/zm2404/E6693/project/DA1_0
QoS Summary for fpu_double
==========================================================================================
Metric                          generic         map             syn_opt         final          
==========================================================================================
Slack (ps):                      -169             -73               0               0
  R2R (ps):                      -169             -73               0               0
  I2R (ps):                  no_value        no_value        no_value        no_value
  R2O (ps):                     1,818           1,800           1,800           1,800
  I2O (ps):                  no_value        no_value        no_value        no_value
  CG  (ps):                  no_value        no_value        no_value        no_value
TNS (ps):                      -6,258          -3,099               0               0
  R2R (ps):                    -6,258          -3,099               0               0
  I2R (ps):                  no_value        no_value        no_value        no_value
  R2O (ps):                         0               0               0               0
  I2O (ps):                  no_value        no_value        no_value        no_value
  CG  (ps):                  no_value        no_value        no_value        no_value
Failing Paths:                     64              70               0               0
Cell Area:                    194,222         107,202         100,663         100,663
Total Cell Area:              194,222         107,202         100,663         100,663
Leaf Instances:                60,114          34,114          32,176          32,176
Total Instances:               60,114          34,114          32,176          32,176
Utilization (%):                 0.00            0.00            0.00            0.00
Tot. Net Length (um):        no_value        no_value        no_value        no_value
Avg. Net Length (um):        no_value        no_value        no_value        no_value
Route Overflow H (%):        no_value        no_value        no_value        no_value
Route Overflow V (%):        no_value        no_value        no_value        no_value
MBCI(%) (bits/gate) :            0.00            0.00            0.00            0.00
Norm Cong Hotspot Area:
  Max Cong:                  no_value        no_value        no_value        no_value
  Tot Cong:                  no_value        no_value        no_value        no_value
==========================================================================================
CPU  Runtime (h:m:s):        00:05:48        00:12:09        00:03:44        00:00:02
Real Runtime (h:m:s):        00:05:14        00:08:59        00:03:35        00:00:03
CPU  Elapsed (h:m:s):        00:05:55        00:18:03        00:21:46        00:21:48
Real Elapsed (h:m:s):        00:05:22        00:14:19        00:17:53        00:17:55
Memory (MB):                  1607.58         1606.50         1597.96         1639.80
==========================================================================================
==========================================================================================
Flow Settings:
==========================================================================================
Total Runtime (h:m:s): 00:17:53
Total Memory (MB):     1639.80
Executable Version:    21.16-s062_1
==========================================================================================
Total Cell Area =  Cell Area + Physical Cell Area
Total Instances =  Leaf Instances + Physical Instances


