============================================================
  Generated by:           Genus(TM) Synthesis Solution 21.16-s062_1
  Generated on:           Dec 19 2023  09:01:02 pm
  Module:                 fpu_double
  Operating conditions:   slow 
  Interconnect mode:      global
  Area mode:              physical library
============================================================

Timing
--------

Clock Period 
-------------
clk   3140.0 


  Cost    Critical         Violating 
 Group   Path Slack  TNS     Paths   
-------------------------------------
clk             0.0   0.0          0 
default    No paths   0.0            
-------------------------------------
Total                 0.0          0 

Instance Count
--------------
Leaf Instance Count             32176 
Physical Instance count             0 
Sequential Instance Count        5062 
Combinational Instance Count    27114 
Hierarchical Instance Count         1 

Area
----
Cell Area                          100662.929
Physical Cell Area                 0.000
Total Cell Area (Cell+Physical)    100662.929
Net Area                           41530.520
Total Area (Cell+Physical+Net)     142193.449

Runtime                            316.499798 seconds
Elapsed Runtime                    1083 seconds
Genus peak memory usage            1639.80 
Innovus peak memory usage          no_value 
Hostname                           cadpc02.ee.columbia.edu
