============================================================
  Generated by:           Genus(TM) Synthesis Solution 21.16-s062_1
  Generated on:           Dec 19 2023  09:16:04 pm
  Module:                 fpu_double
  Operating conditions:   slow 
  Interconnect mode:      global
  Area mode:              physical library
============================================================

Timing
--------

Clock Period 
-------------
clk   3330.0 


  Cost    Critical         Violating 
 Group   Path Slack  TNS     Paths   
-------------------------------------
clk             0.0   0.0          0 
default    No paths   0.0            
-------------------------------------
Total                 0.0          0 

Instance Count
--------------
Leaf Instance Count             31177 
Physical Instance count             0 
Sequential Instance Count        5062 
Combinational Instance Count    26115 
Hierarchical Instance Count         1 

Area
----
Cell Area                          94511.905
Physical Cell Area                 0.000
Total Cell Area (Cell+Physical)    94511.905
Net Area                           40492.020
Total Area (Cell+Physical+Net)     135003.925

Runtime                            293.635203 seconds
Elapsed Runtime                    966 seconds
Genus peak memory usage            1638.71 
Innovus peak memory usage          no_value 
Hostname                           cadpc06.ee.columbia.edu
