

Working Directory = /homes/user/stud/fall22/zm2404/E6693/project/DA1_35
QoS Summary for fpu_double
==========================================================================================
Metric                          generic         map             syn_opt         final          
==========================================================================================
Slack (ps):                       215               0               0               0
  R2R (ps):                       215               0               0               0
  I2R (ps):                  no_value        no_value        no_value        no_value
  R2O (ps):                     2,105           2,071           2,071           2,071
  I2O (ps):                  no_value        no_value        no_value        no_value
  CG  (ps):                  no_value        no_value        no_value        no_value
TNS (ps):                           0               0               0               0
  R2R (ps):                         0               0               0               0
  I2R (ps):                  no_value        no_value        no_value        no_value
  R2O (ps):                         0               0               0               0
  I2O (ps):                  no_value        no_value        no_value        no_value
  CG  (ps):                  no_value        no_value        no_value        no_value
Failing Paths:                      0               0               0               0
Cell Area:                    190,352          93,727          89,167          89,167
Total Cell Area:              190,352          93,727          89,167          89,167
Leaf Instances:                58,664          31,348          30,328          30,328
Total Instances:               58,664          31,348          30,328          30,328
Utilization (%):                 0.00            0.00            0.00            0.00
Tot. Net Length (um):        no_value        no_value        no_value        no_value
Avg. Net Length (um):        no_value        no_value        no_value        no_value
Route Overflow H (%):        no_value        no_value        no_value        no_value
Route Overflow V (%):        no_value        no_value        no_value        no_value
MBCI(%) (bits/gate) :            0.00            0.00            0.00            0.00
Norm Cong Hotspot Area:
  Max Cong:                  no_value        no_value        no_value        no_value
  Tot Cong:                  no_value        no_value        no_value        no_value
==========================================================================================
CPU  Runtime (h:m:s):        00:05:26        00:11:18        00:02:45        00:00:03
Real Runtime (h:m:s):        00:04:37        00:08:20        00:02:48        00:00:04
CPU  Elapsed (h:m:s):        00:05:32        00:16:49        00:19:34        00:19:37
Real Elapsed (h:m:s):        00:04:42        00:13:01        00:15:48        00:15:52
Memory (MB):                  1619.57         1619.49         1608.31         1652.15
==========================================================================================
==========================================================================================
Flow Settings:
==========================================================================================
Total Runtime (h:m:s): 00:15:52
Total Memory (MB):     1652.15
Executable Version:    21.16-s062_1
==========================================================================================
Total Cell Area =  Cell Area + Physical Cell Area
Total Instances =  Leaf Instances + Physical Instances


