============================================================
  Generated by:           Genus(TM) Synthesis Solution 21.16-s062_1
  Generated on:           Dec 19 2023  08:59:05 pm
  Module:                 fpu_double
  Operating conditions:   slow 
  Interconnect mode:      global
  Area mode:              physical library
============================================================

Timing
--------

Clock Period 
-------------
clk   4130.0 


  Cost    Critical         Violating 
 Group   Path Slack  TNS     Paths   
-------------------------------------
clk             0.0   0.0          0 
default    No paths   0.0            
-------------------------------------
Total                 0.0          0 

Instance Count
--------------
Leaf Instance Count             29414 
Physical Instance count             0 
Sequential Instance Count        5062 
Combinational Instance Count    24352 
Hierarchical Instance Count         1 

Area
----
Cell Area                          83811.358
Physical Cell Area                 0.000
Total Cell Area (Cell+Physical)    83811.358
Net Area                           38429.939
Total Area (Cell+Physical+Net)     122241.297

Runtime                            287.085236 seconds
Elapsed Runtime                    965 seconds
Genus peak memory usage            1655.52 
Innovus peak memory usage          no_value 
Hostname                           cadpc02.ee.columbia.edu
