

Working Directory = /homes/user/stud/fall22/zm2404/E6693/project/DA1_9
QoS Summary for fpu_double
==========================================================================================
Metric                          generic         map             syn_opt         final          
==========================================================================================
Slack (ps):                       730              93               0               0
  R2R (ps):                       730              93               0               0
  I2R (ps):                  no_value        no_value        no_value        no_value
  R2O (ps):                     2,917           2,840           2,840           2,840
  I2O (ps):                  no_value        no_value        no_value        no_value
  CG  (ps):                  no_value        no_value        no_value        no_value
TNS (ps):                           0               0               0               0
  R2R (ps):                         0               0               0               0
  I2R (ps):                  no_value        no_value        no_value        no_value
  R2O (ps):                         0               0               0               0
  I2O (ps):                  no_value        no_value        no_value        no_value
  CG  (ps):                  no_value        no_value        no_value        no_value
Failing Paths:                      0               0               0               0
Cell Area:                    189,173          84,446          80,452          80,452
Total Cell Area:              189,173          84,446          80,452          80,452
Leaf Instances:                58,222          30,105          28,988          28,988
Total Instances:               58,222          30,105          28,988          28,988
Utilization (%):                 0.00            0.00            0.00            0.00
Tot. Net Length (um):        no_value        no_value        no_value        no_value
Avg. Net Length (um):        no_value        no_value        no_value        no_value
Route Overflow H (%):        no_value        no_value        no_value        no_value
Route Overflow V (%):        no_value        no_value        no_value        no_value
MBCI(%) (bits/gate) :            0.00            0.00            0.00            0.00
Norm Cong Hotspot Area:
  Max Cong:                  no_value        no_value        no_value        no_value
  Tot Cong:                  no_value        no_value        no_value        no_value
==========================================================================================
CPU  Runtime (h:m:s):        00:05:29        00:11:57        00:02:10        00:00:04
Real Runtime (h:m:s):        00:04:56        00:08:33        00:02:08        00:00:06
CPU  Elapsed (h:m:s):        00:05:36        00:17:32        00:19:42        00:19:46
Real Elapsed (h:m:s):        00:05:02        00:13:34        00:15:43        00:15:49
Memory (MB):                  1613.17         1615.09         1605.91         1648.75
==========================================================================================
==========================================================================================
Flow Settings:
==========================================================================================
Total Runtime (h:m:s): 00:15:47
Total Memory (MB):     1648.75
Executable Version:    21.16-s062_1
==========================================================================================
Total Cell Area =  Cell Area + Physical Cell Area
Total Instances =  Leaf Instances + Physical Instances


