============================================================
  Generated by:           Genus(TM) Synthesis Solution 21.16-s062_1
  Generated on:           Dec 19 2023  08:58:56 pm
  Module:                 fpu_double
  Operating conditions:   slow 
  Interconnect mode:      global
  Area mode:              physical library
============================================================

Timing
--------

Clock Period 
-------------
clk   4710.0 


  Cost    Critical         Violating 
 Group   Path Slack  TNS     Paths   
-------------------------------------
clk             0.0   0.0          0 
default    No paths   0.0            
-------------------------------------
Total                 0.0          0 

Instance Count
--------------
Leaf Instance Count             28988 
Physical Instance count             0 
Sequential Instance Count        5062 
Combinational Instance Count    23926 
Hierarchical Instance Count         1 

Area
----
Cell Area                          80452.063
Physical Cell Area                 0.000
Total Cell Area (Cell+Physical)    80452.063
Net Area                           37887.226
Total Area (Cell+Physical+Net)     118339.289

Runtime                            282.42479099999997 seconds
Elapsed Runtime                    957 seconds
Genus peak memory usage            1648.75 
Innovus peak memory usage          no_value 
Hostname                           cadpc02.ee.columbia.edu
