============================================================
  Generated by:           Genus(TM) Synthesis Solution 21.16-s062_1
  Generated on:           Dec 19 2023  09:05:12 pm
  Module:                 fpu_double
  Operating conditions:   slow 
  Interconnect mode:      global
  Area mode:              physical library
============================================================

Timing
--------

Clock Period 
-------------
clk   3150.0 


  Cost    Critical         Violating 
 Group   Path Slack  TNS     Paths   
-------------------------------------
clk             0.0   0.0          0 
default    No paths   0.0            
-------------------------------------
Total                 0.0          0 

Instance Count
--------------
Leaf Instance Count             32216 
Physical Instance count             0 
Sequential Instance Count        5062 
Combinational Instance Count    27154 
Hierarchical Instance Count         1 

Area
----
Cell Area                          101488.055
Physical Cell Area                 0.000
Total Cell Area (Cell+Physical)    101488.055
Net Area                           41503.057
Total Area (Cell+Physical+Net)     142991.112

Runtime                            271.059107 seconds
Elapsed Runtime                    792 seconds
Genus peak memory usage            1644.52 
Innovus peak memory usage          no_value 
Hostname                           cadpc15.ee.columbia.edu
