============================================================
  Generated by:           Genus(TM) Synthesis Solution 21.16-s062_1
  Generated on:           Dec 19 2023  08:58:59 pm
  Module:                 fpu_double
  Operating conditions:   slow 
  Interconnect mode:      global
  Area mode:              physical library
============================================================

Timing
--------

Clock Period 
-------------
clk   4900.0 


  Cost    Critical         Violating 
 Group   Path Slack  TNS     Paths   
-------------------------------------
clk             0.0   0.0          0 
default    No paths   0.0            
-------------------------------------
Total                 0.0          0 

Instance Count
--------------
Leaf Instance Count             28907 
Physical Instance count             0 
Sequential Instance Count        5062 
Combinational Instance Count    23845 
Hierarchical Instance Count         1 

Area
----
Cell Area                          80370.769
Physical Cell Area                 0.000
Total Cell Area (Cell+Physical)    80370.769
Net Area                           37749.035
Total Area (Cell+Physical+Net)     118119.804

Runtime                            280.38727500000005 seconds
Elapsed Runtime                    960 seconds
Genus peak memory usage            1645.59 
Innovus peak memory usage          no_value 
Hostname                           cadpc02.ee.columbia.edu
